0 info it worked if it ends with ok
1 verbose cli [ 'C:\\Program Files\\nodejs\\\\node.exe',
1 verbose cli   'C:\\Program Files\\nodejs\\node_modules\\npm\\bin\\npm-cli.js',
1 verbose cli   'publish' ]
2 info using npm@2.7.4
3 info using node@v0.12.2
4 verbose node symlink C:\Program Files\nodejs\\node.exe
5 verbose publish [ '.' ]
6 silly cache add args [ '.', null ]
7 verbose cache add spec .
8 silly cache add parsed spec { raw: '.',
8 silly cache add   scope: null,
8 silly cache add   name: null,
8 silly cache add   rawSpec: '.',
8 silly cache add   spec: 'C:\\Users\\matthew\\Google Drive\\MyDocs\\dev\\plugins\\cordova-plugin-admob-simple',
8 silly cache add   type: 'directory' }
9 verbose addLocalDirectory C:\Users\matthew\AppData\Roaming\npm-cache\cordova-plugin-admob-simple\3.1.3\package.tgz not in flight; packing
10 verbose tar pack [ 'C:\\Users\\matthew\\AppData\\Roaming\\npm-cache\\cordova-plugin-admob-simple\\3.1.3\\package.tgz',
10 verbose tar pack   'C:\\Users\\matthew\\Google Drive\\MyDocs\\dev\\plugins\\cordova-plugin-admob-simple' ]
11 verbose tarball C:\Users\matthew\AppData\Roaming\npm-cache\cordova-plugin-admob-simple\3.1.3\package.tgz
12 verbose folder C:\Users\matthew\Google Drive\MyDocs\dev\plugins\cordova-plugin-admob-simple
13 info prepublish cordova-plugin-admob-simple@3.1.3
14 verbose unsafe-perm in lifecycle true
15 info cordova-plugin-admob-simple@3.1.3 Failed to exec prepublish script
16 error addLocalDirectory Could not pack C:\Users\matthew\Google Drive\MyDocs\dev\plugins\cordova-plugin-admob-simple to C:\Users\matthew\AppData\Roaming\npm-cache\cordova-plugin-admob-simple\3.1.3\package.tgz
17 error addLocal Could not install C:\Users\matthew\Google Drive\MyDocs\dev\plugins\cordova-plugin-admob-simple
18 verbose stack Error: cordova-plugin-admob-simple@3.1.3 prepublish: `npm-run-all clean build`
18 verbose stack Exit status 1
18 verbose stack     at EventEmitter.<anonymous> (C:\Program Files\nodejs\node_modules\npm\lib\utils\lifecycle.js:213:16)
18 verbose stack     at EventEmitter.emit (events.js:110:17)
18 verbose stack     at ChildProcess.<anonymous> (C:\Program Files\nodejs\node_modules\npm\lib\utils\spawn.js:14:12)
18 verbose stack     at ChildProcess.emit (events.js:110:17)
18 verbose stack     at maybeClose (child_process.js:1015:16)
18 verbose stack     at Process.ChildProcess._handle.onexit (child_process.js:1087:5)
19 verbose pkgid cordova-plugin-admob-simple@3.1.3
20 verbose cwd C:\Users\matthew\Google Drive\MyDocs\dev\plugins\cordova-plugin-admob-simple
21 error Windows_NT 6.1.7601
22 error argv "C:\\Program Files\\nodejs\\\\node.exe" "C:\\Program Files\\nodejs\\node_modules\\npm\\bin\\npm-cli.js" "publish"
23 error node v0.12.2
24 error npm  v2.7.4
25 error code ELIFECYCLE
26 error cordova-plugin-admob-simple@3.1.3 prepublish: `npm-run-all clean build`
26 error Exit status 1
27 error Failed at the cordova-plugin-admob-simple@3.1.3 prepublish script 'npm-run-all clean build'.
27 error This is most likely a problem with the cordova-plugin-admob-simple package,
27 error not with npm itself.
27 error Tell the author that this fails on your system:
27 error     npm-run-all clean build
27 error You can get their info via:
27 error     npm owner ls cordova-plugin-admob-simple
27 error There is likely additional logging output above.
28 verbose exit [ 1, true ]
